<?xml version="1.0" encoding="UTF-8"?>
<!-- Generated by org.testng.reporters.JUnitReportReporter -->
<testsuite hostname="wujuan-PC" name="com.blueway.ekor.uit.testcase.bet.Bet_001" tests="16" failures="1" timestamp="2 Aug 2017 09:24:14 GMT" time="52.698" errors="0">
  <testcase name="login" time="0.860" classname="com.blueway.ekor.uit.testcase.bet.Bet_001"/>
  <testcase name="bet" time="3.857" classname="com.blueway.ekor.uit.testcase.bet.Bet_001"/>
  <testcase name="bet" time="3.420" classname="com.blueway.ekor.uit.testcase.bet.Bet_001"/>
  <testcase name="bet" time="3.695" classname="com.blueway.ekor.uit.testcase.bet.Bet_001"/>
  <testcase name="bet" time="3.381" classname="com.blueway.ekor.uit.testcase.bet.Bet_001">
    <failure type="org.openqa.selenium.WebDriverException" message="unknown error: Element &lt;button id=&quot;B&quot;&gt;...&lt;/button&gt; is not clickable at point (346, 162). Other element would receive the click: &lt;div class=&quot;tip_bg&quot;&gt;&lt;/div&gt;
  (Session info: chrome=60.0.3112.78)
  (Driver info: chromedriver=2.29.461591 (62ebf098771772160f391d75e589dc567915b233),platform=Windows NT 6.1.7601 SP1 x86_64) (WARNING: The server did not provide any stacktrace information)
Command duration or timeout: 57 milliseconds
Build info: version: &#039;2.48.2&#039;, revision: &#039;41bccdd10cf2c0560f637404c2d96164b67d9d67&#039;, time: &#039;2015-10-09 13:08:06&#039;
System info: host: &#039;wujuan-PC&#039;, ip: &#039;192.168.8.104&#039;, os.name: &#039;Windows 7&#039;, os.arch: &#039;amd64&#039;, os.version: &#039;6.1&#039;, java.version: &#039;1.7.0_17&#039;
Session ID: d56e92857c9601f2c4eb2e4b5f2053f1
Driver info: org.openqa.selenium.chrome.ChromeDriver
Capabilities [{platform=XP, acceptSslCerts=true, javascriptEnabled=true, browserName=chrome, chrome={userDataDir=C:\Users\wujuan\AppData\Local\Temp\scoped_dir8296_30016, chromedriverVersion=2.29.461591 (62ebf098771772160f391d75e589dc567915b233)}, networkConnectionEnabled=false, unexpectedAlertBehaviour=, rotatable=false, locationContextEnabled=true, mobileEmulationEnabled=false, version=60.0.3112.78, pageLoadStrategy=normal, takesHeapSnapshot=true, cssSelectorsEnabled=true, databaseEnabled=false, handlesAlerts=true, browserConnectionEnabled=false, webStorageEnabled=true, nativeEvents=true, hasTouchScreen=false, applicationCacheEnabled=false, takesScreenshot=true}]">
      <![CDATA[org.openqa.selenium.WebDriverException: unknown error: Element <button id="B">...</button> is not clickable at point (346, 162). Other element would receive the click: <div class="tip_bg"></div>
  (Session info: chrome=60.0.3112.78)
  (Driver info: chromedriver=2.29.461591 (62ebf098771772160f391d75e589dc567915b233),platform=Windows NT 6.1.7601 SP1 x86_64) (WARNING: The server did not provide any stacktrace information)
Command duration or timeout: 57 milliseconds
Build info: version: '2.48.2', revision: '41bccdd10cf2c0560f637404c2d96164b67d9d67', time: '2015-10-09 13:08:06'
System info: host: 'wujuan-PC', ip: '192.168.8.104', os.name: 'Windows 7', os.arch: 'amd64', os.version: '6.1', java.version: '1.7.0_17'
Session ID: d56e92857c9601f2c4eb2e4b5f2053f1
Driver info: org.openqa.selenium.chrome.ChromeDriver
Capabilities [{platform=XP, acceptSslCerts=true, javascriptEnabled=true, browserName=chrome, chrome={userDataDir=C:\Users\wujuan\AppData\Local\Temp\scoped_dir8296_30016, chromedriverVersion=2.29.461591 (62ebf098771772160f391d75e589dc567915b233)}, networkConnectionEnabled=false, unexpectedAlertBehaviour=, rotatable=false, locationContextEnabled=true, mobileEmulationEnabled=false, version=60.0.3112.78, pageLoadStrategy=normal, takesHeapSnapshot=true, cssSelectorsEnabled=true, databaseEnabled=false, handlesAlerts=true, browserConnectionEnabled=false, webStorageEnabled=true, nativeEvents=true, hasTouchScreen=false, applicationCacheEnabled=false, takesScreenshot=true}]
	at sun.reflect.NativeConstructorAccessorImpl.newInstance0(Native Method)
	at sun.reflect.NativeConstructorAccessorImpl.newInstance(Unknown Source)
	at sun.reflect.DelegatingConstructorAccessorImpl.newInstance(Unknown Source)
	at java.lang.reflect.Constructor.newInstance(Unknown Source)
	at org.openqa.selenium.remote.ErrorHandler.createThrowable(ErrorHandler.java:206)
	at org.openqa.selenium.remote.ErrorHandler.throwIfResponseFailed(ErrorHandler.java:158)
	at org.openqa.selenium.remote.RemoteWebDriver.execute(RemoteWebDriver.java:647)
	at org.openqa.selenium.remote.RemoteWebElement.execute(RemoteWebElement.java:326)
	at org.openqa.selenium.remote.RemoteWebElement.click(RemoteWebElement.java:84)
	at com.blueway.ekor.uit.utils.SeleniumUtils.click(SeleniumUtils.java:78)
	at com.blueway.ekor.uit.pages.impl.BetPage.inputNo(BetPage.java:135)
	at com.blueway.ekor.uit.pages.impl.BetPage.bet(BetPage.java:46)
	at com.blueway.ekor.uit.testcase.bet.Bet_001.bet(Bet_001.java:26)
	at sun.reflect.NativeMethodAccessorImpl.invoke0(Native Method)
	at sun.reflect.NativeMethodAccessorImpl.invoke(Unknown Source)
	at sun.reflect.DelegatingMethodAccessorImpl.invoke(Unknown Source)
	at java.lang.reflect.Method.invoke(Unknown Source)
	at org.testng.internal.MethodInvocationHelper.invokeMethod(MethodInvocationHelper.java:84)
	at org.testng.internal.Invoker.invokeMethod(Invoker.java:714)
	at org.testng.internal.Invoker.invokeTestMethod(Invoker.java:901)
	at org.testng.internal.Invoker.invokeTestMethods(Invoker.java:1231)
	at org.testng.internal.TestMethodWorker.invokeTestMethods(TestMethodWorker.java:127)
	at org.testng.internal.TestMethodWorker.run(TestMethodWorker.java:111)
	at org.testng.TestRunner.privateRun(TestRunner.java:767)
	at org.testng.TestRunner.run(TestRunner.java:617)
	at org.testng.SuiteRunner.runTest(SuiteRunner.java:335)
	at org.testng.SuiteRunner.runSequentially(SuiteRunner.java:330)
	at org.testng.SuiteRunner.privateRun(SuiteRunner.java:291)
	at org.testng.SuiteRunner.run(SuiteRunner.java:240)
	at org.testng.SuiteRunnerWorker.runSuite(SuiteRunnerWorker.java:52)
	at org.testng.SuiteRunnerWorker.run(SuiteRunnerWorker.java:86)
	at org.testng.TestNG.runSuitesSequentially(TestNG.java:1224)
	at org.testng.TestNG.runSuitesLocally(TestNG.java:1149)
	at org.testng.TestNG.run(TestNG.java:1057)
	at org.testng.remote.RemoteTestNG.run(RemoteTestNG.java:111)
	at org.testng.remote.RemoteTestNG.initAndRun(RemoteTestNG.java:204)
	at org.testng.remote.RemoteTestNG.main(RemoteTestNG.java:175)
]]>
    </failure>
  </testcase> <!-- bet -->
  <testcase name="bet" time="3.696" classname="com.blueway.ekor.uit.testcase.bet.Bet_001"/>
  <testcase name="bet" time="3.512" classname="com.blueway.ekor.uit.testcase.bet.Bet_001"/>
  <testcase name="bet" time="3.616" classname="com.blueway.ekor.uit.testcase.bet.Bet_001"/>
  <testcase name="bet" time="3.564" classname="com.blueway.ekor.uit.testcase.bet.Bet_001"/>
  <testcase name="bet" time="3.567" classname="com.blueway.ekor.uit.testcase.bet.Bet_001"/>
  <testcase name="bet" time="3.726" classname="com.blueway.ekor.uit.testcase.bet.Bet_001"/>
  <testcase name="bet" time="3.442" classname="com.blueway.ekor.uit.testcase.bet.Bet_001"/>
  <testcase name="bet" time="3.548" classname="com.blueway.ekor.uit.testcase.bet.Bet_001"/>
  <testcase name="bet" time="1.189" classname="com.blueway.ekor.uit.testcase.bet.Bet_001"/>
  <testcase name="bet" time="3.876" classname="com.blueway.ekor.uit.testcase.bet.Bet_001"/>
  <testcase name="bet" time="3.749" classname="com.blueway.ekor.uit.testcase.bet.Bet_001"/>
</testsuite> <!-- com.blueway.ekor.uit.testcase.bet.Bet_001 -->
