<!DOCTYPE html PUBLIC "-//W3C//DTD XHTML 1.1//EN" "http://www.w3.org/TR/xhtml11/DTD/xhtml11.dtd">
<html xmlns="http://www.w3.org/1999/xhtml">
<head>
<title>BANC Selenium RC Execution Report</title>
<style type="text/css">
table {margin-bottom:10px;border-collapse:collapse;empty-cells:show}
td,th {border:1px solid #009;padding:.25em .5em}
.result th {vertical-align:bottom}
.param th {padding-left:1em;padding-right:1em}
.param td {padding-left:.5em;padding-right:2em}
.stripe td,.stripe th {background-color: #E6EBF9}
.numi,.numi_attn {text-align:right}
.total td {font-weight:bold}
.passedodd td {background-color: #0A0}
.passedeven td {background-color: #3F3}
.skippedodd td {background-color: #CCC}
.skippedodd td {background-color: #DDD}
.failedodd td,.numi_attn {background-color: #F33}
.failedeven td,.stripe .numi_attn {background-color: #D00}
.stacktrace {white-space:pre;font-family:monospace}
.totop {font-size:85%;text-align:center;border-bottom:2px solid #000}
</style>
</head>
<body>
<b>Execution Parameters</b>
<table cellspacing="0" cellpadding="0" class="testOverview">
<tr><th>AppicationURL</th><th>AppUserName|Password</th><th>DatabaseURL</th><th>DBUserName|Password</th></tr>
</table>
<p></p>
<b align="center">Execution Summary</b>
<table cellspacing="0" cellpadding="0" class="testOverview">
<tr><th>Test</th><th>Methods<br/>Passed</th><th>Scenarios<br/>Passed</th><th># skipped</th><th># failed</th><th>Total<br/>Time</th><th>Included<br/>Groups</th><th>Excluded<br/>Groups</th></tr>
<tr><td style="text-align:left;padding-right:2em"><a href="#t1">Login</a></td><td class="numi">16</td><td class="numi">6</td><td class="numi">0</td><td class="numi_attn">15</td><td class="numi">17.9 seconds</td><td class="numi"></td><td class="numi"></td></tr>
</table>
<p></p>
<table cellspacing="0" cellpadding="0" class="methodOverview" id="summary">
<tr><th>Class</th><th>Method</th><th># of<br/>Scenarios</th><th>Start</th><th>Time<br/>(ms)</th></tr>
<tr id="t1"><th colspan="5">Login ― failed</th></tr>
<tr class="failedodd"><td rowspan="15">com.blueway.test.uit.testcase.bet.Bet_001</td><td><a href="#m1"><b>bet</b>  </a></td><td class="numi">10</td><td>1501651068865</td><td class="numi">459</td></tr><tr class="failedodd"><td><a href="#m2"><b>bet</b>  </a></td><td class="numi">10</td><td>1501651068865</td><td class="numi">459</td></tr><tr class="failedodd"><td><a href="#m3"><b>bet</b>  </a></td><td class="numi">10</td><td>1501651068865</td><td class="numi">459</td></tr><tr class="failedodd"><td><a href="#m4"><b>bet</b>  </a></td><td class="numi">10</td><td>1501651068865</td><td class="numi">459</td></tr><tr class="failedodd"><td><a href="#m5"><b>bet</b>  </a></td><td class="numi">10</td><td>1501651068865</td><td class="numi">459</td></tr><tr class="failedodd"><td><a href="#m6"><b>bet</b>  </a></td><td class="numi">10</td><td>1501651068865</td><td class="numi">459</td></tr><tr class="failedodd"><td><a href="#m7"><b>bet</b>  </a></td><td class="numi">10</td><td>1501651068865</td><td class="numi">459</td></tr><tr class="failedodd"><td><a href="#m8"><b>bet</b>  </a></td><td class="numi">10</td><td>1501651068865</td><td class="numi">459</td></tr><tr class="failedodd"><td><a href="#m9"><b>bet</b>  </a></td><td class="numi">10</td><td>1501651068865</td><td class="numi">459</td></tr><tr class="failedodd"><td><a href="#m10"><b>bet</b>  </a></td><td class="numi">10</td><td>1501651068865</td><td class="numi">459</td></tr><tr class="failedodd"><td><a href="#m11"><b>bet</b>  </a></td><td class="numi">10</td><td>1501651068865</td><td class="numi">459</td></tr><tr class="failedodd"><td><a href="#m12"><b>bet</b>  </a></td><td class="numi">10</td><td>1501651068865</td><td class="numi">459</td></tr><tr class="failedodd"><td><a href="#m13"><b>bet</b>  </a></td><td class="numi">10</td><td>1501651068865</td><td class="numi">459</td></tr><tr class="failedodd"><td><a href="#m14"><b>bet</b>  </a></td><td class="numi">10</td><td>1501651068865</td><td class="numi">459</td></tr><tr class="failedodd"><td><a href="#m15"><b>bet</b>  </a></td><td class="numi">10</td><td>1501651068865</td><td class="numi">459</td></tr>
<tr><th colspan="5">Login ― passed</th></tr>
<tr class="passedodd"><td rowspan="16">com.blueway.test.uit.testcase.bet.Bet_001</td><td><a href="#m16"><b>login</b>  </a></td><td class="numi">1</td><td>1501651059191</td><td class="numi">941</td></tr><tr class="passedodd"><td><a href="#m17"><b>bet</b>  </a></td><td class="numi">5</td><td>1501651060255</td><td class="numi">8609</td></tr><tr class="passedodd"><td><a href="#m18"><b>bet</b>  </a></td><td class="numi">5</td><td>1501651060255</td><td class="numi">8609</td></tr><tr class="passedodd"><td><a href="#m19"><b>bet</b>  </a></td><td class="numi">5</td><td>1501651060255</td><td class="numi">8609</td></tr><tr class="passedodd"><td><a href="#m20"><b>bet</b>  </a></td><td class="numi">5</td><td>1501651060255</td><td class="numi">8609</td></tr><tr class="passedodd"><td><a href="#m21"><b>bet</b>  </a></td><td class="numi">5</td><td>1501651060255</td><td class="numi">8609</td></tr><tr class="passedodd"><td><a href="#m22"><b>bet</b>  </a></td><td class="numi">5</td><td>1501651060255</td><td class="numi">8609</td></tr><tr class="passedodd"><td><a href="#m23"><b>bet</b>  </a></td><td class="numi">5</td><td>1501651060255</td><td class="numi">8609</td></tr><tr class="passedodd"><td><a href="#m24"><b>bet</b>  </a></td><td class="numi">5</td><td>1501651060255</td><td class="numi">8609</td></tr><tr class="passedodd"><td><a href="#m25"><b>bet</b>  </a></td><td class="numi">5</td><td>1501651060255</td><td class="numi">8609</td></tr><tr class="passedodd"><td><a href="#m26"><b>bet</b>  </a></td><td class="numi">5</td><td>1501651060255</td><td class="numi">8609</td></tr><tr class="passedodd"><td><a href="#m27"><b>bet</b>  </a></td><td class="numi">5</td><td>1501651060255</td><td class="numi">8609</td></tr><tr class="passedodd"><td><a href="#m28"><b>bet</b>  </a></td><td class="numi">5</td><td>1501651060255</td><td class="numi">8609</td></tr><tr class="passedodd"><td><a href="#m29"><b>bet</b>  </a></td><td class="numi">5</td><td>1501651060255</td><td class="numi">8609</td></tr><tr class="passedodd"><td><a href="#m30"><b>bet</b>  </a></td><td class="numi">5</td><td>1501651060255</td><td class="numi">8609</td></tr><tr class="passedodd"><td><a href="#m31"><b>bet</b>  </a></td><td class="numi">5</td><td>1501651060255</td><td class="numi">8609</td></tr>
</table>
<h1>Login</h1>
<h2 id="m1">com.blueway.test.uit.testcase.bet.Bet_001:bet</h2>
<table cellspacing="0" cellpadding="0" class="result">
<tr class="param"><th>Param.1</th></tr>
<tr class="param stripe"><td>&quot;{EXP_RESULT=success, ISJP=Y, A=0, SMALL=0.1, CASENAME=成功投注3D, BIG=0.1, TYPE=3D, DRAW=MKTS, CASEID=T002, NUMBER=103, DRAWDATE=08/01/2017, USER=10011001}&quot;</td>
</tr>
<tr><td>
<div class="stacktrace">org.openqa.selenium.WebDriverException: unknown error: Element &lt;input name=&quot;draw&quot; type=&quot;radio&quot; value=&quot;3D&quot;&gt; is not clickable at point (559, 239). Other element would receive the click: &lt;div class=&quot;tip_bg&quot;&gt;&lt;/div&gt;
  (Session info: chrome=60.0.3112.78)
  (Driver info: chromedriver=2.29.461591 (62ebf098771772160f391d75e589dc567915b233),platform=Windows NT 6.1.7601 SP1 x86_64) (WARNING: The server did not provide any stacktrace information)
Command duration or timeout: 24 milliseconds
Build info: version: &apos;2.48.2&apos;, revision: &apos;41bccdd10cf2c0560f637404c2d96164b67d9d67&apos;, time: &apos;2015-10-09 13:08:06&apos;
System info: host: &apos;wujuan-PC&apos;, ip: &apos;192.168.8.104&apos;, os.name: &apos;Windows 7&apos;, os.arch: &apos;amd64&apos;, os.version: &apos;6.1&apos;, java.version: &apos;1.7.0_17&apos;
Session ID: 23b9bc5719926c02b3eee2f659acc083
Driver info: org.openqa.selenium.chrome.ChromeDriver
Capabilities [{platform=XP, acceptSslCerts=true, javascriptEnabled=true, browserName=chrome, chrome={userDataDir=C:\Users\wujuan\AppData\Local\Temp\scoped_dir7612_16732, chromedriverVersion=2.29.461591 (62ebf098771772160f391d75e589dc567915b233)}, networkConnectionEnabled=false, unexpectedAlertBehaviour=, rotatable=false, locationContextEnabled=true, mobileEmulationEnabled=false, version=60.0.3112.78, pageLoadStrategy=normal, takesHeapSnapshot=true, cssSelectorsEnabled=true, databaseEnabled=false, handlesAlerts=true, browserConnectionEnabled=false, webStorageEnabled=true, nativeEvents=true, hasTouchScreen=false, applicationCacheEnabled=false, takesScreenshot=true}]
	at org.openqa.selenium.remote.ErrorHandler.createThrowable(ErrorHandler.java:206)
	at org.openqa.selenium.remote.ErrorHandler.throwIfResponseFailed(ErrorHandler.java:158)
	at org.openqa.selenium.remote.RemoteWebDriver.execute(RemoteWebDriver.java:647)
	at org.openqa.selenium.remote.RemoteWebElement.execute(RemoteWebElement.java:326)
	at org.openqa.selenium.remote.RemoteWebElement.click(RemoteWebElement.java:84)
	at com.blueway.test.uit.utils.SeleniumUtils.click(SeleniumUtils.java:69)
	at com.blueway.test.uit.pages.impl.BetPage.chooseType(BetPage.java:78)
	at com.blueway.test.uit.pages.impl.BetPage.bet(BetPage.java:39)
	at com.blueway.test.uit.testcase.bet.Bet_001.bet(Bet_001.java:26)
... Removed 28 stack frames</div>
</td></tr>
</table>
<p class="totop"><a href="#summary">back to summary</a></p>
<h2 id="m2">com.blueway.test.uit.testcase.bet.Bet_001:bet</h2>
<table cellspacing="0" cellpadding="0" class="result">
<tr class="param"><th>Param.1</th></tr>
<tr class="param stripe"><td>&quot;{EXP_RESULT=success, ISJP=Y, A=0.1, SMALL=0.1, CASENAME=成功投注T6_X, BIG=0.1, TYPE=T6, DRAW=T6, CASEID=T014, NUMBER=10000X, DRAWDATE=08/01/2017, USER=10011001}&quot;</td>
</tr>
<tr><td>
<div class="stacktrace">org.openqa.selenium.WebDriverException: unknown error: Element &lt;input name=&quot;draw&quot; type=&quot;radio&quot; value=&quot;T6&quot;&gt; is not clickable at point (697, 239). Other element would receive the click: &lt;div class=&quot;progress&quot;&gt;...&lt;/div&gt;
  (Session info: chrome=60.0.3112.78)
  (Driver info: chromedriver=2.29.461591 (62ebf098771772160f391d75e589dc567915b233),platform=Windows NT 6.1.7601 SP1 x86_64) (WARNING: The server did not provide any stacktrace information)
Command duration or timeout: 56 milliseconds
Build info: version: &apos;2.48.2&apos;, revision: &apos;41bccdd10cf2c0560f637404c2d96164b67d9d67&apos;, time: &apos;2015-10-09 13:08:06&apos;
System info: host: &apos;wujuan-PC&apos;, ip: &apos;192.168.8.104&apos;, os.name: &apos;Windows 7&apos;, os.arch: &apos;amd64&apos;, os.version: &apos;6.1&apos;, java.version: &apos;1.7.0_17&apos;
Session ID: 23b9bc5719926c02b3eee2f659acc083
Driver info: org.openqa.selenium.chrome.ChromeDriver
Capabilities [{platform=XP, acceptSslCerts=true, javascriptEnabled=true, browserName=chrome, chrome={userDataDir=C:\Users\wujuan\AppData\Local\Temp\scoped_dir7612_16732, chromedriverVersion=2.29.461591 (62ebf098771772160f391d75e589dc567915b233)}, networkConnectionEnabled=false, unexpectedAlertBehaviour=, rotatable=false, locationContextEnabled=true, mobileEmulationEnabled=false, version=60.0.3112.78, pageLoadStrategy=normal, takesHeapSnapshot=true, cssSelectorsEnabled=true, databaseEnabled=false, handlesAlerts=true, browserConnectionEnabled=false, webStorageEnabled=true, nativeEvents=true, hasTouchScreen=false, applicationCacheEnabled=false, takesScreenshot=true}]
	at org.openqa.selenium.remote.ErrorHandler.createThrowable(ErrorHandler.java:206)
	at org.openqa.selenium.remote.ErrorHandler.throwIfResponseFailed(ErrorHandler.java:158)
	at org.openqa.selenium.remote.RemoteWebDriver.execute(RemoteWebDriver.java:647)
	at org.openqa.selenium.remote.RemoteWebElement.execute(RemoteWebElement.java:326)
	at org.openqa.selenium.remote.RemoteWebElement.click(RemoteWebElement.java:84)
	at com.blueway.test.uit.utils.SeleniumUtils.click(SeleniumUtils.java:69)
	at com.blueway.test.uit.pages.impl.BetPage.chooseType(BetPage.java:84)
	at com.blueway.test.uit.pages.impl.BetPage.bet(BetPage.java:39)
	at com.blueway.test.uit.testcase.bet.Bet_001.bet(Bet_001.java:26)
... Removed 28 stack frames</div>
</td></tr>
</table>
<p class="totop"><a href="#summary">back to summary</a></p>
<h2 id="m3">com.blueway.test.uit.testcase.bet.Bet_001:bet</h2>
<table cellspacing="0" cellpadding="0" class="result">
<tr class="param"><th>Param.1</th></tr>
<tr class="param stripe"><td>&quot;{EXP_RESULT=success, ISJP=Y, A=0.1, SMALL=0.1, CASENAME=成功投注4D_XX, BIG=0.1, TYPE=4D, DRAW=MKTS, CASEID=T007, NUMBER=10XX, DRAWDATE=08/01/2017, USER=10011001}&quot;</td>
</tr>
<tr><td>
<div class="stacktrace">org.openqa.selenium.WebDriverException: unknown error: Element &lt;input name=&quot;draw&quot; type=&quot;radio&quot; value=&quot;4D&quot; checked=&quot;&quot;&gt; is not clickable at point (606, 239). Other element would receive the click: &lt;div class=&quot;progress&quot;&gt;...&lt;/div&gt;
  (Session info: chrome=60.0.3112.78)
  (Driver info: chromedriver=2.29.461591 (62ebf098771772160f391d75e589dc567915b233),platform=Windows NT 6.1.7601 SP1 x86_64) (WARNING: The server did not provide any stacktrace information)
Command duration or timeout: 24 milliseconds
Build info: version: &apos;2.48.2&apos;, revision: &apos;41bccdd10cf2c0560f637404c2d96164b67d9d67&apos;, time: &apos;2015-10-09 13:08:06&apos;
System info: host: &apos;wujuan-PC&apos;, ip: &apos;192.168.8.104&apos;, os.name: &apos;Windows 7&apos;, os.arch: &apos;amd64&apos;, os.version: &apos;6.1&apos;, java.version: &apos;1.7.0_17&apos;
Session ID: 23b9bc5719926c02b3eee2f659acc083
Driver info: org.openqa.selenium.chrome.ChromeDriver
Capabilities [{platform=XP, acceptSslCerts=true, javascriptEnabled=true, browserName=chrome, chrome={userDataDir=C:\Users\wujuan\AppData\Local\Temp\scoped_dir7612_16732, chromedriverVersion=2.29.461591 (62ebf098771772160f391d75e589dc567915b233)}, networkConnectionEnabled=false, unexpectedAlertBehaviour=, rotatable=false, locationContextEnabled=true, mobileEmulationEnabled=false, version=60.0.3112.78, pageLoadStrategy=normal, takesHeapSnapshot=true, cssSelectorsEnabled=true, databaseEnabled=false, handlesAlerts=true, browserConnectionEnabled=false, webStorageEnabled=true, nativeEvents=true, hasTouchScreen=false, applicationCacheEnabled=false, takesScreenshot=true}]
	at org.openqa.selenium.remote.ErrorHandler.createThrowable(ErrorHandler.java:206)
	at org.openqa.selenium.remote.ErrorHandler.throwIfResponseFailed(ErrorHandler.java:158)
	at org.openqa.selenium.remote.RemoteWebDriver.execute(RemoteWebDriver.java:647)
	at org.openqa.selenium.remote.RemoteWebElement.execute(RemoteWebElement.java:326)
	at org.openqa.selenium.remote.RemoteWebElement.click(RemoteWebElement.java:84)
	at com.blueway.test.uit.utils.SeleniumUtils.click(SeleniumUtils.java:69)
	at com.blueway.test.uit.pages.impl.BetPage.chooseType(BetPage.java:80)
	at com.blueway.test.uit.pages.impl.BetPage.bet(BetPage.java:39)
	at com.blueway.test.uit.testcase.bet.Bet_001.bet(Bet_001.java:26)
... Removed 28 stack frames</div>
</td></tr>
</table>
<p class="totop"><a href="#summary">back to summary</a></p>
<h2 id="m4">com.blueway.test.uit.testcase.bet.Bet_001:bet</h2>
<table cellspacing="0" cellpadding="0" class="result">
<tr class="param"><th>Param.1</th></tr>
<tr class="param stripe"><td>&quot;{EXP_RESULT=success, ISJP=Y, A=0.1, SMALL=0.1, CASENAME=成功投注T5_B, BIG=0.1, TYPE=T5, DRAW=T5, CASEID=T013, NUMBER=10005B, DRAWDATE=08/01/2017, USER=10011001}&quot;</td>
</tr>
<tr><td>
<div class="stacktrace">org.openqa.selenium.WebDriverException: unknown error: Element &lt;input name=&quot;draw&quot; type=&quot;radio&quot; value=&quot;T5&quot;&gt; is not clickable at point (653, 239). Other element would receive the click: &lt;div class=&quot;progress&quot;&gt;...&lt;/div&gt;
  (Session info: chrome=60.0.3112.78)
  (Driver info: chromedriver=2.29.461591 (62ebf098771772160f391d75e589dc567915b233),platform=Windows NT 6.1.7601 SP1 x86_64) (WARNING: The server did not provide any stacktrace information)
Command duration or timeout: 25 milliseconds
Build info: version: &apos;2.48.2&apos;, revision: &apos;41bccdd10cf2c0560f637404c2d96164b67d9d67&apos;, time: &apos;2015-10-09 13:08:06&apos;
System info: host: &apos;wujuan-PC&apos;, ip: &apos;192.168.8.104&apos;, os.name: &apos;Windows 7&apos;, os.arch: &apos;amd64&apos;, os.version: &apos;6.1&apos;, java.version: &apos;1.7.0_17&apos;
Session ID: 23b9bc5719926c02b3eee2f659acc083
Driver info: org.openqa.selenium.chrome.ChromeDriver
Capabilities [{platform=XP, acceptSslCerts=true, javascriptEnabled=true, browserName=chrome, chrome={userDataDir=C:\Users\wujuan\AppData\Local\Temp\scoped_dir7612_16732, chromedriverVersion=2.29.461591 (62ebf098771772160f391d75e589dc567915b233)}, networkConnectionEnabled=false, unexpectedAlertBehaviour=, rotatable=false, locationContextEnabled=true, mobileEmulationEnabled=false, version=60.0.3112.78, pageLoadStrategy=normal, takesHeapSnapshot=true, cssSelectorsEnabled=true, databaseEnabled=false, handlesAlerts=true, browserConnectionEnabled=false, webStorageEnabled=true, nativeEvents=true, hasTouchScreen=false, applicationCacheEnabled=false, takesScreenshot=true}]
	at org.openqa.selenium.remote.ErrorHandler.createThrowable(ErrorHandler.java:206)
	at org.openqa.selenium.remote.ErrorHandler.throwIfResponseFailed(ErrorHandler.java:158)
	at org.openqa.selenium.remote.RemoteWebDriver.execute(RemoteWebDriver.java:647)
	at org.openqa.selenium.remote.RemoteWebElement.execute(RemoteWebElement.java:326)
	at org.openqa.selenium.remote.RemoteWebElement.click(RemoteWebElement.java:84)
	at com.blueway.test.uit.utils.SeleniumUtils.click(SeleniumUtils.java:69)
	at com.blueway.test.uit.pages.impl.BetPage.chooseType(BetPage.java:82)
	at com.blueway.test.uit.pages.impl.BetPage.bet(BetPage.java:39)
	at com.blueway.test.uit.testcase.bet.Bet_001.bet(Bet_001.java:26)
... Removed 28 stack frames</div>
</td></tr>
</table>
<p class="totop"><a href="#summary">back to summary</a></p>
<h2 id="m5">com.blueway.test.uit.testcase.bet.Bet_001:bet</h2>
<table cellspacing="0" cellpadding="0" class="result">
<tr class="param"><th>Param.1</th></tr>
<tr class="param stripe"><td>&quot;{EXP_RESULT=success, ISJP=Y, A=0.1, SMALL=0.1, CASENAME=成功投注4D_X, BIG=0.1, TYPE=4D, DRAW=MKTS, CASEID=T006, NUMBER=100X, DRAWDATE=08/01/2017, USER=10011001}&quot;</td>
</tr>
<tr><td>
<div class="stacktrace">org.openqa.selenium.WebDriverException: unknown error: Element &lt;input name=&quot;draw&quot; type=&quot;radio&quot; value=&quot;4D&quot; checked=&quot;&quot;&gt; is not clickable at point (606, 239). Other element would receive the click: &lt;div class=&quot;progress&quot;&gt;...&lt;/div&gt;
  (Session info: chrome=60.0.3112.78)
  (Driver info: chromedriver=2.29.461591 (62ebf098771772160f391d75e589dc567915b233),platform=Windows NT 6.1.7601 SP1 x86_64) (WARNING: The server did not provide any stacktrace information)
Command duration or timeout: 23 milliseconds
Build info: version: &apos;2.48.2&apos;, revision: &apos;41bccdd10cf2c0560f637404c2d96164b67d9d67&apos;, time: &apos;2015-10-09 13:08:06&apos;
System info: host: &apos;wujuan-PC&apos;, ip: &apos;192.168.8.104&apos;, os.name: &apos;Windows 7&apos;, os.arch: &apos;amd64&apos;, os.version: &apos;6.1&apos;, java.version: &apos;1.7.0_17&apos;
Session ID: 23b9bc5719926c02b3eee2f659acc083
Driver info: org.openqa.selenium.chrome.ChromeDriver
Capabilities [{platform=XP, acceptSslCerts=true, javascriptEnabled=true, browserName=chrome, chrome={userDataDir=C:\Users\wujuan\AppData\Local\Temp\scoped_dir7612_16732, chromedriverVersion=2.29.461591 (62ebf098771772160f391d75e589dc567915b233)}, networkConnectionEnabled=false, unexpectedAlertBehaviour=, rotatable=false, locationContextEnabled=true, mobileEmulationEnabled=false, version=60.0.3112.78, pageLoadStrategy=normal, takesHeapSnapshot=true, cssSelectorsEnabled=true, databaseEnabled=false, handlesAlerts=true, browserConnectionEnabled=false, webStorageEnabled=true, nativeEvents=true, hasTouchScreen=false, applicationCacheEnabled=false, takesScreenshot=true}]
	at org.openqa.selenium.remote.ErrorHandler.createThrowable(ErrorHandler.java:206)
	at org.openqa.selenium.remote.ErrorHandler.throwIfResponseFailed(ErrorHandler.java:158)
	at org.openqa.selenium.remote.RemoteWebDriver.execute(RemoteWebDriver.java:647)
	at org.openqa.selenium.remote.RemoteWebElement.execute(RemoteWebElement.java:326)
	at org.openqa.selenium.remote.RemoteWebElement.click(RemoteWebElement.java:84)
	at com.blueway.test.uit.utils.SeleniumUtils.click(SeleniumUtils.java:69)
	at com.blueway.test.uit.pages.impl.BetPage.chooseType(BetPage.java:80)
	at com.blueway.test.uit.pages.impl.BetPage.bet(BetPage.java:39)
	at com.blueway.test.uit.testcase.bet.Bet_001.bet(Bet_001.java:26)
... Removed 28 stack frames</div>
</td></tr>
</table>
<p class="totop"><a href="#summary">back to summary</a></p>
<h2 id="m6">com.blueway.test.uit.testcase.bet.Bet_001:bet</h2>
<table cellspacing="0" cellpadding="0" class="result">
<tr class="param"><th>Param.1</th></tr>
<tr class="param stripe"><td>&quot;{EXP_RESULT=success, ISJP=Y, A=0.1, SMALL=0.1, CASENAME=成功投注4D_R, BIG=0.1, TYPE=4D, DRAW=MKTS, CASEID=T005, NUMBER=1001R, DRAWDATE=08/01/2017, USER=10011001}&quot;</td>
</tr>
<tr><td>
<div class="stacktrace">org.openqa.selenium.WebDriverException: unknown error: Element &lt;input name=&quot;draw&quot; type=&quot;radio&quot; value=&quot;4D&quot; checked=&quot;&quot;&gt; is not clickable at point (606, 239). Other element would receive the click: &lt;div class=&quot;progress&quot;&gt;...&lt;/div&gt;
  (Session info: chrome=60.0.3112.78)
  (Driver info: chromedriver=2.29.461591 (62ebf098771772160f391d75e589dc567915b233),platform=Windows NT 6.1.7601 SP1 x86_64) (WARNING: The server did not provide any stacktrace information)
Command duration or timeout: 24 milliseconds
Build info: version: &apos;2.48.2&apos;, revision: &apos;41bccdd10cf2c0560f637404c2d96164b67d9d67&apos;, time: &apos;2015-10-09 13:08:06&apos;
System info: host: &apos;wujuan-PC&apos;, ip: &apos;192.168.8.104&apos;, os.name: &apos;Windows 7&apos;, os.arch: &apos;amd64&apos;, os.version: &apos;6.1&apos;, java.version: &apos;1.7.0_17&apos;
Session ID: 23b9bc5719926c02b3eee2f659acc083
Driver info: org.openqa.selenium.chrome.ChromeDriver
Capabilities [{platform=XP, acceptSslCerts=true, javascriptEnabled=true, browserName=chrome, chrome={userDataDir=C:\Users\wujuan\AppData\Local\Temp\scoped_dir7612_16732, chromedriverVersion=2.29.461591 (62ebf098771772160f391d75e589dc567915b233)}, networkConnectionEnabled=false, unexpectedAlertBehaviour=, rotatable=false, locationContextEnabled=true, mobileEmulationEnabled=false, version=60.0.3112.78, pageLoadStrategy=normal, takesHeapSnapshot=true, cssSelectorsEnabled=true, databaseEnabled=false, handlesAlerts=true, browserConnectionEnabled=false, webStorageEnabled=true, nativeEvents=true, hasTouchScreen=false, applicationCacheEnabled=false, takesScreenshot=true}]
	at org.openqa.selenium.remote.ErrorHandler.createThrowable(ErrorHandler.java:206)
	at org.openqa.selenium.remote.ErrorHandler.throwIfResponseFailed(ErrorHandler.java:158)
	at org.openqa.selenium.remote.RemoteWebDriver.execute(RemoteWebDriver.java:647)
	at org.openqa.selenium.remote.RemoteWebElement.execute(RemoteWebElement.java:326)
	at org.openqa.selenium.remote.RemoteWebElement.click(RemoteWebElement.java:84)
	at com.blueway.test.uit.utils.SeleniumUtils.click(SeleniumUtils.java:69)
	at com.blueway.test.uit.pages.impl.BetPage.chooseType(BetPage.java:80)
	at com.blueway.test.uit.pages.impl.BetPage.bet(BetPage.java:39)
	at com.blueway.test.uit.testcase.bet.Bet_001.bet(Bet_001.java:26)
... Removed 28 stack frames</div>
</td></tr>
</table>
<p class="totop"><a href="#summary">back to summary</a></p>
<h2 id="m7">com.blueway.test.uit.testcase.bet.Bet_001:bet</h2>
<table cellspacing="0" cellpadding="0" class="result">
<tr class="param"><th>Param.1</th></tr>
<tr class="param stripe"><td>&quot;{EXP_RESULT=success, ISJP=Y, A=0.1, SMALL=0.1, CASENAME=成功投注T5, BIG=0.1, TYPE=T5, DRAW=T5, CASEID=T003, NUMBER=10005, DRAWDATE=08/01/2017, USER=10011001}&quot;</td>
</tr>
<tr><td>
<div class="stacktrace">org.openqa.selenium.WebDriverException: unknown error: Element &lt;input name=&quot;draw&quot; type=&quot;radio&quot; value=&quot;T5&quot;&gt; is not clickable at point (653, 239). Other element would receive the click: &lt;div class=&quot;progress&quot;&gt;...&lt;/div&gt;
  (Session info: chrome=60.0.3112.78)
  (Driver info: chromedriver=2.29.461591 (62ebf098771772160f391d75e589dc567915b233),platform=Windows NT 6.1.7601 SP1 x86_64) (WARNING: The server did not provide any stacktrace information)
Command duration or timeout: 30 milliseconds
Build info: version: &apos;2.48.2&apos;, revision: &apos;41bccdd10cf2c0560f637404c2d96164b67d9d67&apos;, time: &apos;2015-10-09 13:08:06&apos;
System info: host: &apos;wujuan-PC&apos;, ip: &apos;192.168.8.104&apos;, os.name: &apos;Windows 7&apos;, os.arch: &apos;amd64&apos;, os.version: &apos;6.1&apos;, java.version: &apos;1.7.0_17&apos;
Session ID: 23b9bc5719926c02b3eee2f659acc083
Driver info: org.openqa.selenium.chrome.ChromeDriver
Capabilities [{platform=XP, acceptSslCerts=true, javascriptEnabled=true, browserName=chrome, chrome={userDataDir=C:\Users\wujuan\AppData\Local\Temp\scoped_dir7612_16732, chromedriverVersion=2.29.461591 (62ebf098771772160f391d75e589dc567915b233)}, networkConnectionEnabled=false, unexpectedAlertBehaviour=, rotatable=false, locationContextEnabled=true, mobileEmulationEnabled=false, version=60.0.3112.78, pageLoadStrategy=normal, takesHeapSnapshot=true, cssSelectorsEnabled=true, databaseEnabled=false, handlesAlerts=true, browserConnectionEnabled=false, webStorageEnabled=true, nativeEvents=true, hasTouchScreen=false, applicationCacheEnabled=false, takesScreenshot=true}]
	at org.openqa.selenium.remote.ErrorHandler.createThrowable(ErrorHandler.java:206)
	at org.openqa.selenium.remote.ErrorHandler.throwIfResponseFailed(ErrorHandler.java:158)
	at org.openqa.selenium.remote.RemoteWebDriver.execute(RemoteWebDriver.java:647)
	at org.openqa.selenium.remote.RemoteWebElement.execute(RemoteWebElement.java:326)
	at org.openqa.selenium.remote.RemoteWebElement.click(RemoteWebElement.java:84)
	at com.blueway.test.uit.utils.SeleniumUtils.click(SeleniumUtils.java:69)
	at com.blueway.test.uit.pages.impl.BetPage.chooseType(BetPage.java:82)
	at com.blueway.test.uit.pages.impl.BetPage.bet(BetPage.java:39)
	at com.blueway.test.uit.testcase.bet.Bet_001.bet(Bet_001.java:26)
... Removed 28 stack frames</div>
</td></tr>
</table>
<p class="totop"><a href="#summary">back to summary</a></p>
<h2 id="m8">com.blueway.test.uit.testcase.bet.Bet_001:bet</h2>
<table cellspacing="0" cellpadding="0" class="result">
<tr class="param"><th>Param.1</th></tr>
<tr class="param stripe"><td>&quot;{EXP_RESULT=success, ISJP=Y, A=0.1, SMALL=0.1, CASENAME=成功投注4D, BIG=0.1, TYPE=4D, DRAW=MKTS, CASEID=T001, NUMBER=1004, DRAWDATE=08/01/2017, USER=10011001}&quot;</td>
</tr>
<tr><td>
<div class="stacktrace">org.openqa.selenium.WebDriverException: unknown error: Element &lt;input name=&quot;draw&quot; type=&quot;radio&quot; value=&quot;4D&quot; checked=&quot;&quot;&gt; is not clickable at point (606, 239). Other element would receive the click: &lt;div class=&quot;progress&quot;&gt;...&lt;/div&gt;
  (Session info: chrome=60.0.3112.78)
  (Driver info: chromedriver=2.29.461591 (62ebf098771772160f391d75e589dc567915b233),platform=Windows NT 6.1.7601 SP1 x86_64) (WARNING: The server did not provide any stacktrace information)
Command duration or timeout: 24 milliseconds
Build info: version: &apos;2.48.2&apos;, revision: &apos;41bccdd10cf2c0560f637404c2d96164b67d9d67&apos;, time: &apos;2015-10-09 13:08:06&apos;
System info: host: &apos;wujuan-PC&apos;, ip: &apos;192.168.8.104&apos;, os.name: &apos;Windows 7&apos;, os.arch: &apos;amd64&apos;, os.version: &apos;6.1&apos;, java.version: &apos;1.7.0_17&apos;
Session ID: 23b9bc5719926c02b3eee2f659acc083
Driver info: org.openqa.selenium.chrome.ChromeDriver
Capabilities [{platform=XP, acceptSslCerts=true, javascriptEnabled=true, browserName=chrome, chrome={userDataDir=C:\Users\wujuan\AppData\Local\Temp\scoped_dir7612_16732, chromedriverVersion=2.29.461591 (62ebf098771772160f391d75e589dc567915b233)}, networkConnectionEnabled=false, unexpectedAlertBehaviour=, rotatable=false, locationContextEnabled=true, mobileEmulationEnabled=false, version=60.0.3112.78, pageLoadStrategy=normal, takesHeapSnapshot=true, cssSelectorsEnabled=true, databaseEnabled=false, handlesAlerts=true, browserConnectionEnabled=false, webStorageEnabled=true, nativeEvents=true, hasTouchScreen=false, applicationCacheEnabled=false, takesScreenshot=true}]
	at org.openqa.selenium.remote.ErrorHandler.createThrowable(ErrorHandler.java:206)
	at org.openqa.selenium.remote.ErrorHandler.throwIfResponseFailed(ErrorHandler.java:158)
	at org.openqa.selenium.remote.RemoteWebDriver.execute(RemoteWebDriver.java:647)
	at org.openqa.selenium.remote.RemoteWebElement.execute(RemoteWebElement.java:326)
	at org.openqa.selenium.remote.RemoteWebElement.click(RemoteWebElement.java:84)
	at com.blueway.test.uit.utils.SeleniumUtils.click(SeleniumUtils.java:69)
	at com.blueway.test.uit.pages.impl.BetPage.chooseType(BetPage.java:80)
	at com.blueway.test.uit.pages.impl.BetPage.bet(BetPage.java:39)
	at com.blueway.test.uit.testcase.bet.Bet_001.bet(Bet_001.java:26)
... Removed 28 stack frames</div>
</td></tr>
</table>
<p class="totop"><a href="#summary">back to summary</a></p>
<h2 id="m9">com.blueway.test.uit.testcase.bet.Bet_001:bet</h2>
<table cellspacing="0" cellpadding="0" class="result">
<tr class="param"><th>Param.1</th></tr>
<tr class="param stripe"><td>&quot;{EXP_RESULT=success, ISJP=Y, A=0.1, SMALL=0.1, CASENAME=成功投注T6_XX, BIG=0.1, TYPE=T6, DRAW=T6, CASEID=T015, NUMBER=1000XX, DRAWDATE=08/01/2017, USER=10011001}&quot;</td>
</tr>
<tr><td>
<div class="stacktrace">org.openqa.selenium.WebDriverException: unknown error: Element &lt;input name=&quot;draw&quot; type=&quot;radio&quot; value=&quot;T6&quot;&gt; is not clickable at point (697, 239). Other element would receive the click: &lt;div class=&quot;progress&quot;&gt;...&lt;/div&gt;
  (Session info: chrome=60.0.3112.78)
  (Driver info: chromedriver=2.29.461591 (62ebf098771772160f391d75e589dc567915b233),platform=Windows NT 6.1.7601 SP1 x86_64) (WARNING: The server did not provide any stacktrace information)
Command duration or timeout: 26 milliseconds
Build info: version: &apos;2.48.2&apos;, revision: &apos;41bccdd10cf2c0560f637404c2d96164b67d9d67&apos;, time: &apos;2015-10-09 13:08:06&apos;
System info: host: &apos;wujuan-PC&apos;, ip: &apos;192.168.8.104&apos;, os.name: &apos;Windows 7&apos;, os.arch: &apos;amd64&apos;, os.version: &apos;6.1&apos;, java.version: &apos;1.7.0_17&apos;
Session ID: 23b9bc5719926c02b3eee2f659acc083
Driver info: org.openqa.selenium.chrome.ChromeDriver
Capabilities [{platform=XP, acceptSslCerts=true, javascriptEnabled=true, browserName=chrome, chrome={userDataDir=C:\Users\wujuan\AppData\Local\Temp\scoped_dir7612_16732, chromedriverVersion=2.29.461591 (62ebf098771772160f391d75e589dc567915b233)}, networkConnectionEnabled=false, unexpectedAlertBehaviour=, rotatable=false, locationContextEnabled=true, mobileEmulationEnabled=false, version=60.0.3112.78, pageLoadStrategy=normal, takesHeapSnapshot=true, cssSelectorsEnabled=true, databaseEnabled=false, handlesAlerts=true, browserConnectionEnabled=false, webStorageEnabled=true, nativeEvents=true, hasTouchScreen=false, applicationCacheEnabled=false, takesScreenshot=true}]
	at org.openqa.selenium.remote.ErrorHandler.createThrowable(ErrorHandler.java:206)
	at org.openqa.selenium.remote.ErrorHandler.throwIfResponseFailed(ErrorHandler.java:158)
	at org.openqa.selenium.remote.RemoteWebDriver.execute(RemoteWebDriver.java:647)
	at org.openqa.selenium.remote.RemoteWebElement.execute(RemoteWebElement.java:326)
	at org.openqa.selenium.remote.RemoteWebElement.click(RemoteWebElement.java:84)
	at com.blueway.test.uit.utils.SeleniumUtils.click(SeleniumUtils.java:69)
	at com.blueway.test.uit.pages.impl.BetPage.chooseType(BetPage.java:84)
	at com.blueway.test.uit.pages.impl.BetPage.bet(BetPage.java:39)
	at com.blueway.test.uit.testcase.bet.Bet_001.bet(Bet_001.java:26)
... Removed 28 stack frames</div>
</td></tr>
</table>
<p class="totop"><a href="#summary">back to summary</a></p>
<h2 id="m10">com.blueway.test.uit.testcase.bet.Bet_001:bet</h2>
<table cellspacing="0" cellpadding="0" class="result">
<tr class="param"><th>Param.1</th></tr>
<tr class="param stripe"><td>&quot;{EXP_RESULT=success, ISJP=Y, A=0.1, SMALL=0.1, CASENAME=成功投注T6, BIG=0.1, TYPE=T6, DRAW=T6, CASEID=T004, NUMBER=100006, DRAWDATE=08/01/2017, USER=10011001}&quot;</td>
</tr>
<tr><td>
<div class="stacktrace">org.openqa.selenium.WebDriverException: unknown error: Element &lt;input name=&quot;draw&quot; type=&quot;radio&quot; value=&quot;T6&quot;&gt; is not clickable at point (697, 239). Other element would receive the click: &lt;div class=&quot;progress&quot;&gt;...&lt;/div&gt;
  (Session info: chrome=60.0.3112.78)
  (Driver info: chromedriver=2.29.461591 (62ebf098771772160f391d75e589dc567915b233),platform=Windows NT 6.1.7601 SP1 x86_64) (WARNING: The server did not provide any stacktrace information)
Command duration or timeout: 25 milliseconds
Build info: version: &apos;2.48.2&apos;, revision: &apos;41bccdd10cf2c0560f637404c2d96164b67d9d67&apos;, time: &apos;2015-10-09 13:08:06&apos;
System info: host: &apos;wujuan-PC&apos;, ip: &apos;192.168.8.104&apos;, os.name: &apos;Windows 7&apos;, os.arch: &apos;amd64&apos;, os.version: &apos;6.1&apos;, java.version: &apos;1.7.0_17&apos;
Session ID: 23b9bc5719926c02b3eee2f659acc083
Driver info: org.openqa.selenium.chrome.ChromeDriver
Capabilities [{platform=XP, acceptSslCerts=true, javascriptEnabled=true, browserName=chrome, chrome={userDataDir=C:\Users\wujuan\AppData\Local\Temp\scoped_dir7612_16732, chromedriverVersion=2.29.461591 (62ebf098771772160f391d75e589dc567915b233)}, networkConnectionEnabled=false, unexpectedAlertBehaviour=, rotatable=false, locationContextEnabled=true, mobileEmulationEnabled=false, version=60.0.3112.78, pageLoadStrategy=normal, takesHeapSnapshot=true, cssSelectorsEnabled=true, databaseEnabled=false, handlesAlerts=true, browserConnectionEnabled=false, webStorageEnabled=true, nativeEvents=true, hasTouchScreen=false, applicationCacheEnabled=false, takesScreenshot=true}]
	at org.openqa.selenium.remote.ErrorHandler.createThrowable(ErrorHandler.java:206)
	at org.openqa.selenium.remote.ErrorHandler.throwIfResponseFailed(ErrorHandler.java:158)
	at org.openqa.selenium.remote.RemoteWebDriver.execute(RemoteWebDriver.java:647)
	at org.openqa.selenium.remote.RemoteWebElement.execute(RemoteWebElement.java:326)
	at org.openqa.selenium.remote.RemoteWebElement.click(RemoteWebElement.java:84)
	at com.blueway.test.uit.utils.SeleniumUtils.click(SeleniumUtils.java:69)
	at com.blueway.test.uit.pages.impl.BetPage.chooseType(BetPage.java:84)
	at com.blueway.test.uit.pages.impl.BetPage.bet(BetPage.java:39)
	at com.blueway.test.uit.testcase.bet.Bet_001.bet(Bet_001.java:26)
... Removed 28 stack frames</div>
</td></tr>
</table>
<p class="totop"><a href="#summary">back to summary</a></p>
<h2 id="m11">com.blueway.test.uit.testcase.bet.Bet_001:bet</h2>
<table cellspacing="0" cellpadding="0" class="result">
<tr class="param"><th>Param.1</th></tr>
<tr class="param stripe"><td>&quot;{EXP_RESULT=success, ISJP=Y, A=0.1, SMALL=0.1, CASENAME=成功投注3D_X, BIG=0.1, TYPE=3D, DRAW=MKTS, CASEID=T010, NUMBER=10X, DRAWDATE=08/01/2017, USER=10011001}&quot;</td>
</tr>
</table>
<p class="totop"><a href="#summary">back to summary</a></p>
<h2 id="m12">com.blueway.test.uit.testcase.bet.Bet_001:bet</h2>
<table cellspacing="0" cellpadding="0" class="result">
<tr class="param"><th>Param.1</th></tr>
<tr class="param stripe"><td>&quot;{EXP_RESULT=success, ISJP=Y, A=0.1, SMALL=0.1, CASENAME=成功投注T5_X, BIG=0.1, TYPE=T5, DRAW=T5, CASEID=T011, NUMBER=1000X, DRAWDATE=08/01/2017, USER=10011001}&quot;</td>
</tr>
</table>
<p class="totop"><a href="#summary">back to summary</a></p>
<h2 id="m13">com.blueway.test.uit.testcase.bet.Bet_001:login</h2>
<p class="totop"><a href="#summary">back to summary</a></p>
<h2 id="m14">com.blueway.test.uit.testcase.bet.Bet_001:bet</h2>
<table cellspacing="0" cellpadding="0" class="result">
<tr class="param"><th>Param.1</th></tr>
<tr class="param stripe"><td>&quot;{EXP_RESULT=success, ISJP=Y, A=0.1, SMALL=0.1, CASENAME=成功投注3D_R, BIG=0.1, TYPE=3D, DRAW=MKTS, CASEID=T009, NUMBER=1003R, DRAWDATE=08/01/2017, USER=10011001}&quot;</td>
</tr>
</table>
<p class="totop"><a href="#summary">back to summary</a></p>
<h2 id="m15">com.blueway.test.uit.testcase.bet.Bet_001:bet</h2>
<table cellspacing="0" cellpadding="0" class="result">
<tr class="param"><th>Param.1</th></tr>
<tr class="param stripe"><td>&quot;{EXP_RESULT=success, ISJP=Y, A=0.1, SMALL=0.1, CASENAME=成功投注4D_B, BIG=0.1, TYPE=4D, DRAW=MKTS, CASEID=T008, NUMBER=1001B, DRAWDATE=08/01/2017, USER=10011001}&quot;</td>
</tr>
</table>
<p class="totop"><a href="#summary">back to summary</a></p>
<h2 id="m16">com.blueway.test.uit.testcase.bet.Bet_001:bet</h2>
<table cellspacing="0" cellpadding="0" class="result">
<tr class="param"><th>Param.1</th></tr>
<tr class="param stripe"><td>&quot;{EXP_RESULT=success, ISJP=Y, A=0.1, SMALL=0.1, CASENAME=成功投注T5_XX, BIG=0.1, TYPE=T5, DRAW=T5, CASEID=T012, NUMBER=100XX, DRAWDATE=08/01/2017, USER=10011001}&quot;</td>
</tr>
</table>
<p class="totop"><a href="#summary">back to summary</a></p>
<center> Customized TestNG Report </center>
</body></html>
