<html>
<head>
<title>TestNG:  Login</title>
<link href="../testng.css" rel="stylesheet" type="text/css" />
<link href="../my-testng.css" rel="stylesheet" type="text/css" />

<style type="text/css">
.log { display: none;} 
.stack-trace { display: none;} 
</style>
<script type="text/javascript">
<!--
function flip(e) {
  current = e.style.display;
  if (current == 'block') {
    e.style.display = 'none';
    return 0;
  }
  else {
    e.style.display = 'block';
    return 1;
  }
}

function toggleBox(szDivId, elem, msg1, msg2)
{
  var res = -1;  if (document.getElementById) {
    res = flip(document.getElementById(szDivId));
  }
  else if (document.all) {
    // this is the way old msie versions work
    res = flip(document.all[szDivId]);
  }
  if(elem) {
    if(res == 0) elem.innerHTML = msg1; else elem.innerHTML = msg2;
  }

}

function toggleAllBoxes() {
  if (document.getElementsByTagName) {
    d = document.getElementsByTagName('div');
    for (i = 0; i < d.length; i++) {
      if (d[i].className == 'log') {
        flip(d[i]);
      }
    }
  }
}

// -->
</script>

</head>
<body>
<h2 align='center'>Login</h2><table border='1' align="center">
<tr>
<td>Tests passed/Failed/Skipped:</td><td>3/7/0</td>
</tr><tr>
<td>Started on:</td><td>Fri Aug 18 15:54:15 CST 2017</td>
</tr>
<tr><td>Total time:</td><td>17 seconds (17298 ms)</td>
</tr><tr>
<td>Included groups:</td><td></td>
</tr><tr>
<td>Excluded groups:</td><td></td>
</tr>
</table><p/>
<small><i>(Hover the method name to see the test class name)</i></small><p/>
<table width='100%' border='1' class='invocation-failed'>
<tr><td colspan='4' align='center'><b>FAILED TESTS</b></td></tr>
<tr><td><b>Test method</b></td>
<td width="30%"><b>Exception</b></td>
<td width="10%"><b>Time (seconds)</b></td>
<td><b>Instance</b></td>
</tr>
<tr>
<td title='com.blueway.ekor.uit.testcase.login.Login_002.login()'><b>login</b><br>Test class: com.blueway.ekor.uit.testcase.login.Login_002<br>Parameters: {CODE=0000, CASEID=T001, PASSWORD=8888, USERNAME=, CASENAME=用户名为空, EXP_RESULT=此用户不存在!}<br/>
<a href="#Output-485937598" onClick='toggleBox("Output-485937598", this, "Show output", "Hide output");'>Show output</a>

<a href="#Output-485937598" onClick="toggleAllBoxes();">Show all outputs</a>
<div class='log' id="Output-485937598">
RunCount=2<br/>
</div>
</td>
<td><div><pre>java.lang.AssertionError: 预期的文字是 【此用户不存在!】 ，实际结果 【*验证码错误!!】
	at com.blueway.ekor.uit.utils.SeleniumUtils.isTextCorrect(SeleniumUtils.java:187)
	at com.blueway.ekor.uit.pages.impl.LoginPage.checkUserName(LoginPage.java:35)
	at com.blueway.ekor.uit.testcase.login.Login_002.login(Login_002.java:16)
... Removed 25 stack frames</pre></div><a href='#' onClick='toggleBox("stack-trace485937598", this, "Click to show all stack frames", "Click to hide stack frames")'>Click to show all stack frames</a>
<div class='stack-trace' id='stack-trace485937598'><pre>java.lang.AssertionError: 预期的文字是 【此用户不存在!】 ，实际结果 【*验证码错误!!】
	at org.testng.Assert.fail(Assert.java:94)
	at com.blueway.ekor.uit.utils.SeleniumUtils.isTextCorrect(SeleniumUtils.java:187)
	at com.blueway.ekor.uit.pages.impl.LoginPage.checkUserName(LoginPage.java:35)
	at com.blueway.ekor.uit.testcase.login.Login_002.login(Login_002.java:16)
	at sun.reflect.NativeMethodAccessorImpl.invoke0(Native Method)
	at sun.reflect.NativeMethodAccessorImpl.invoke(NativeMethodAccessorImpl.java:62)
	at sun.reflect.DelegatingMethodAccessorImpl.invoke(DelegatingMethodAccessorImpl.java:43)
	at java.lang.reflect.Method.invoke(Method.java:497)
	at org.testng.internal.MethodInvocationHelper.invokeMethod(MethodInvocationHelper.java:84)
	at org.testng.internal.Invoker.invokeMethod(Invoker.java:714)
	at org.testng.internal.Invoker.invokeTestMethod(Invoker.java:901)
	at org.testng.internal.Invoker.invokeTestMethods(Invoker.java:1231)
	at org.testng.internal.TestMethodWorker.invokeTestMethods(TestMethodWorker.java:127)
	at org.testng.internal.TestMethodWorker.run(TestMethodWorker.java:111)
	at org.testng.TestRunner.privateRun(TestRunner.java:767)
	at org.testng.TestRunner.run(TestRunner.java:617)
	at org.testng.SuiteRunner.runTest(SuiteRunner.java:335)
	at org.testng.SuiteRunner.runSequentially(SuiteRunner.java:330)
	at org.testng.SuiteRunner.privateRun(SuiteRunner.java:291)
	at org.testng.SuiteRunner.run(SuiteRunner.java:240)
	at org.testng.SuiteRunnerWorker.runSuite(SuiteRunnerWorker.java:52)
	at org.testng.SuiteRunnerWorker.run(SuiteRunnerWorker.java:86)
	at org.testng.TestNG.runSuitesSequentially(TestNG.java:1224)
	at org.testng.TestNG.runSuitesLocally(TestNG.java:1149)
	at org.testng.TestNG.run(TestNG.java:1057)
	at org.testng.remote.RemoteTestNG.run(RemoteTestNG.java:111)
	at org.testng.remote.RemoteTestNG.initAndRun(RemoteTestNG.java:204)
	at org.testng.remote.RemoteTestNG.main(RemoteTestNG.java:175)
</pre></div></td>
<td>0</td>
<td>com.blueway.ekor.uit.testcase.login.Login_002@b97c004</td></tr>
<tr>
<td title='com.blueway.ekor.uit.testcase.login.Login_002.login()'><b>login</b><br>Test class: com.blueway.ekor.uit.testcase.login.Login_002<br>Parameters: {CODE=0000, CASEID=T001, PASSWORD=8888, USERNAME=, CASENAME=用户名为空, EXP_RESULT=此用户不存在!}<br/>
<a href="#Output-352598575" onClick='toggleBox("Output-352598575", this, "Show output", "Hide output");'>Show output</a>

<a href="#Output-352598575" onClick="toggleAllBoxes();">Show all outputs</a>
<div class='log' id="Output-352598575">
RunCount=3<br/>
</div>
</td>
<td><div><pre>java.lang.AssertionError: 预期的文字是 【此用户不存在!】 ，实际结果 【*验证码错误!!】
	at com.blueway.ekor.uit.utils.SeleniumUtils.isTextCorrect(SeleniumUtils.java:187)
	at com.blueway.ekor.uit.pages.impl.LoginPage.checkUserName(LoginPage.java:35)
	at com.blueway.ekor.uit.testcase.login.Login_002.login(Login_002.java:16)
... Removed 25 stack frames</pre></div><a href='#' onClick='toggleBox("stack-trace352598575", this, "Click to show all stack frames", "Click to hide stack frames")'>Click to show all stack frames</a>
<div class='stack-trace' id='stack-trace352598575'><pre>java.lang.AssertionError: 预期的文字是 【此用户不存在!】 ，实际结果 【*验证码错误!!】
	at org.testng.Assert.fail(Assert.java:94)
	at com.blueway.ekor.uit.utils.SeleniumUtils.isTextCorrect(SeleniumUtils.java:187)
	at com.blueway.ekor.uit.pages.impl.LoginPage.checkUserName(LoginPage.java:35)
	at com.blueway.ekor.uit.testcase.login.Login_002.login(Login_002.java:16)
	at sun.reflect.NativeMethodAccessorImpl.invoke0(Native Method)
	at sun.reflect.NativeMethodAccessorImpl.invoke(NativeMethodAccessorImpl.java:62)
	at sun.reflect.DelegatingMethodAccessorImpl.invoke(DelegatingMethodAccessorImpl.java:43)
	at java.lang.reflect.Method.invoke(Method.java:497)
	at org.testng.internal.MethodInvocationHelper.invokeMethod(MethodInvocationHelper.java:84)
	at org.testng.internal.Invoker.invokeMethod(Invoker.java:714)
	at org.testng.internal.Invoker.retryFailed(Invoker.java:1049)
	at org.testng.internal.Invoker.invokeTestMethods(Invoker.java:1254)
	at org.testng.internal.TestMethodWorker.invokeTestMethods(TestMethodWorker.java:127)
	at org.testng.internal.TestMethodWorker.run(TestMethodWorker.java:111)
	at org.testng.TestRunner.privateRun(TestRunner.java:767)
	at org.testng.TestRunner.run(TestRunner.java:617)
	at org.testng.SuiteRunner.runTest(SuiteRunner.java:335)
	at org.testng.SuiteRunner.runSequentially(SuiteRunner.java:330)
	at org.testng.SuiteRunner.privateRun(SuiteRunner.java:291)
	at org.testng.SuiteRunner.run(SuiteRunner.java:240)
	at org.testng.SuiteRunnerWorker.runSuite(SuiteRunnerWorker.java:52)
	at org.testng.SuiteRunnerWorker.run(SuiteRunnerWorker.java:86)
	at org.testng.TestNG.runSuitesSequentially(TestNG.java:1224)
	at org.testng.TestNG.runSuitesLocally(TestNG.java:1149)
	at org.testng.TestNG.run(TestNG.java:1057)
	at org.testng.remote.RemoteTestNG.run(RemoteTestNG.java:111)
	at org.testng.remote.RemoteTestNG.initAndRun(RemoteTestNG.java:204)
	at org.testng.remote.RemoteTestNG.main(RemoteTestNG.java:175)
</pre></div></td>
<td>0</td>
<td>com.blueway.ekor.uit.testcase.login.Login_002@b97c004</td></tr>
<tr>
<td title='com.blueway.ekor.uit.testcase.login.Login_002.login()'><b>login</b><br>Test class: com.blueway.ekor.uit.testcase.login.Login_002<br>Parameters: {CODE=0000, CASEID=T001, PASSWORD=8888, USERNAME=, CASENAME=用户名为空, EXP_RESULT=此用户不存在!}<br/>
<a href="#Output-750029115" onClick='toggleBox("Output-750029115", this, "Show output", "Hide output");'>Show output</a>

<a href="#Output-750029115" onClick="toggleAllBoxes();">Show all outputs</a>
<div class='log' id="Output-750029115">
RunCount=4<br/>
</div>
</td>
<td><div><pre>java.lang.AssertionError: 预期的文字是 【此用户不存在!】 ，实际结果 【*验证码错误!!】
	at com.blueway.ekor.uit.utils.SeleniumUtils.isTextCorrect(SeleniumUtils.java:187)
	at com.blueway.ekor.uit.pages.impl.LoginPage.checkUserName(LoginPage.java:35)
	at com.blueway.ekor.uit.testcase.login.Login_002.login(Login_002.java:16)
... Removed 25 stack frames</pre></div><a href='#' onClick='toggleBox("stack-trace750029115", this, "Click to show all stack frames", "Click to hide stack frames")'>Click to show all stack frames</a>
<div class='stack-trace' id='stack-trace750029115'><pre>java.lang.AssertionError: 预期的文字是 【此用户不存在!】 ，实际结果 【*验证码错误!!】
	at org.testng.Assert.fail(Assert.java:94)
	at com.blueway.ekor.uit.utils.SeleniumUtils.isTextCorrect(SeleniumUtils.java:187)
	at com.blueway.ekor.uit.pages.impl.LoginPage.checkUserName(LoginPage.java:35)
	at com.blueway.ekor.uit.testcase.login.Login_002.login(Login_002.java:16)
	at sun.reflect.NativeMethodAccessorImpl.invoke0(Native Method)
	at sun.reflect.NativeMethodAccessorImpl.invoke(NativeMethodAccessorImpl.java:62)
	at sun.reflect.DelegatingMethodAccessorImpl.invoke(DelegatingMethodAccessorImpl.java:43)
	at java.lang.reflect.Method.invoke(Method.java:497)
	at org.testng.internal.MethodInvocationHelper.invokeMethod(MethodInvocationHelper.java:84)
	at org.testng.internal.Invoker.invokeMethod(Invoker.java:714)
	at org.testng.internal.Invoker.retryFailed(Invoker.java:1049)
	at org.testng.internal.Invoker.invokeTestMethods(Invoker.java:1254)
	at org.testng.internal.TestMethodWorker.invokeTestMethods(TestMethodWorker.java:127)
	at org.testng.internal.TestMethodWorker.run(TestMethodWorker.java:111)
	at org.testng.TestRunner.privateRun(TestRunner.java:767)
	at org.testng.TestRunner.run(TestRunner.java:617)
	at org.testng.SuiteRunner.runTest(SuiteRunner.java:335)
	at org.testng.SuiteRunner.runSequentially(SuiteRunner.java:330)
	at org.testng.SuiteRunner.privateRun(SuiteRunner.java:291)
	at org.testng.SuiteRunner.run(SuiteRunner.java:240)
	at org.testng.SuiteRunnerWorker.runSuite(SuiteRunnerWorker.java:52)
	at org.testng.SuiteRunnerWorker.run(SuiteRunnerWorker.java:86)
	at org.testng.TestNG.runSuitesSequentially(TestNG.java:1224)
	at org.testng.TestNG.runSuitesLocally(TestNG.java:1149)
	at org.testng.TestNG.run(TestNG.java:1057)
	at org.testng.remote.RemoteTestNG.run(RemoteTestNG.java:111)
	at org.testng.remote.RemoteTestNG.initAndRun(RemoteTestNG.java:204)
	at org.testng.remote.RemoteTestNG.main(RemoteTestNG.java:175)
</pre></div></td>
<td>0</td>
<td>com.blueway.ekor.uit.testcase.login.Login_002@b97c004</td></tr>
<tr>
<td title='com.blueway.ekor.uit.testcase.login.Login_002.login()'><b>login</b><br>Test class: com.blueway.ekor.uit.testcase.login.Login_002<br>Parameters: {CODE=0000, CASEID=T001, PASSWORD=8888, USERNAME=, CASENAME=用户名为空, EXP_RESULT=此用户不存在!}</td>
<td><div><pre>java.lang.AssertionError: 预期的文字是 【此用户不存在!】 ，实际结果 【*验证码错误!!】
	at com.blueway.ekor.uit.utils.SeleniumUtils.isTextCorrect(SeleniumUtils.java:187)
	at com.blueway.ekor.uit.pages.impl.LoginPage.checkUserName(LoginPage.java:35)
	at com.blueway.ekor.uit.testcase.login.Login_002.login(Login_002.java:16)
... Removed 25 stack frames</pre></div><a href='#' onClick='toggleBox("stack-trace2095064787", this, "Click to show all stack frames", "Click to hide stack frames")'>Click to show all stack frames</a>
<div class='stack-trace' id='stack-trace2095064787'><pre>java.lang.AssertionError: 预期的文字是 【此用户不存在!】 ，实际结果 【*验证码错误!!】
	at org.testng.Assert.fail(Assert.java:94)
	at com.blueway.ekor.uit.utils.SeleniumUtils.isTextCorrect(SeleniumUtils.java:187)
	at com.blueway.ekor.uit.pages.impl.LoginPage.checkUserName(LoginPage.java:35)
	at com.blueway.ekor.uit.testcase.login.Login_002.login(Login_002.java:16)
	at sun.reflect.NativeMethodAccessorImpl.invoke0(Native Method)
	at sun.reflect.NativeMethodAccessorImpl.invoke(NativeMethodAccessorImpl.java:62)
	at sun.reflect.DelegatingMethodAccessorImpl.invoke(DelegatingMethodAccessorImpl.java:43)
	at java.lang.reflect.Method.invoke(Method.java:497)
	at org.testng.internal.MethodInvocationHelper.invokeMethod(MethodInvocationHelper.java:84)
	at org.testng.internal.Invoker.invokeMethod(Invoker.java:714)
	at org.testng.internal.Invoker.retryFailed(Invoker.java:1049)
	at org.testng.internal.Invoker.invokeTestMethods(Invoker.java:1254)
	at org.testng.internal.TestMethodWorker.invokeTestMethods(TestMethodWorker.java:127)
	at org.testng.internal.TestMethodWorker.run(TestMethodWorker.java:111)
	at org.testng.TestRunner.privateRun(TestRunner.java:767)
	at org.testng.TestRunner.run(TestRunner.java:617)
	at org.testng.SuiteRunner.runTest(SuiteRunner.java:335)
	at org.testng.SuiteRunner.runSequentially(SuiteRunner.java:330)
	at org.testng.SuiteRunner.privateRun(SuiteRunner.java:291)
	at org.testng.SuiteRunner.run(SuiteRunner.java:240)
	at org.testng.SuiteRunnerWorker.runSuite(SuiteRunnerWorker.java:52)
	at org.testng.SuiteRunnerWorker.run(SuiteRunnerWorker.java:86)
	at org.testng.TestNG.runSuitesSequentially(TestNG.java:1224)
	at org.testng.TestNG.runSuitesLocally(TestNG.java:1149)
	at org.testng.TestNG.run(TestNG.java:1057)
	at org.testng.remote.RemoteTestNG.run(RemoteTestNG.java:111)
	at org.testng.remote.RemoteTestNG.initAndRun(RemoteTestNG.java:204)
	at org.testng.remote.RemoteTestNG.main(RemoteTestNG.java:175)
</pre></div></td>
<td>0</td>
<td>com.blueway.ekor.uit.testcase.login.Login_002@b97c004</td></tr>
<tr>
<td title='com.blueway.ekor.uit.testcase.login.Login_002.login()'><b>login</b><br>Test class: com.blueway.ekor.uit.testcase.login.Login_002<br>Parameters: {CODE=0000, CASEID=T002, PASSWORD=8888, USERNAME=abcd001, CASENAME=用户名不存在, EXP_RESULT=此用户不存在!}</td>
<td><div><pre>java.lang.AssertionError: 预期的文字是 【此用户不存在!】 ，实际结果 【*验证码错误!!】
	at com.blueway.ekor.uit.utils.SeleniumUtils.isTextCorrect(SeleniumUtils.java:187)
	at com.blueway.ekor.uit.pages.impl.LoginPage.checkUserName(LoginPage.java:35)
	at com.blueway.ekor.uit.testcase.login.Login_002.login(Login_002.java:16)
... Removed 25 stack frames</pre></div><a href='#' onClick='toggleBox("stack-trace1231799381", this, "Click to show all stack frames", "Click to hide stack frames")'>Click to show all stack frames</a>
<div class='stack-trace' id='stack-trace1231799381'><pre>java.lang.AssertionError: 预期的文字是 【此用户不存在!】 ，实际结果 【*验证码错误!!】
	at org.testng.Assert.fail(Assert.java:94)
	at com.blueway.ekor.uit.utils.SeleniumUtils.isTextCorrect(SeleniumUtils.java:187)
	at com.blueway.ekor.uit.pages.impl.LoginPage.checkUserName(LoginPage.java:35)
	at com.blueway.ekor.uit.testcase.login.Login_002.login(Login_002.java:16)
	at sun.reflect.NativeMethodAccessorImpl.invoke0(Native Method)
	at sun.reflect.NativeMethodAccessorImpl.invoke(NativeMethodAccessorImpl.java:62)
	at sun.reflect.DelegatingMethodAccessorImpl.invoke(DelegatingMethodAccessorImpl.java:43)
	at java.lang.reflect.Method.invoke(Method.java:497)
	at org.testng.internal.MethodInvocationHelper.invokeMethod(MethodInvocationHelper.java:84)
	at org.testng.internal.Invoker.invokeMethod(Invoker.java:714)
	at org.testng.internal.Invoker.invokeTestMethod(Invoker.java:901)
	at org.testng.internal.Invoker.invokeTestMethods(Invoker.java:1231)
	at org.testng.internal.TestMethodWorker.invokeTestMethods(TestMethodWorker.java:127)
	at org.testng.internal.TestMethodWorker.run(TestMethodWorker.java:111)
	at org.testng.TestRunner.privateRun(TestRunner.java:767)
	at org.testng.TestRunner.run(TestRunner.java:617)
	at org.testng.SuiteRunner.runTest(SuiteRunner.java:335)
	at org.testng.SuiteRunner.runSequentially(SuiteRunner.java:330)
	at org.testng.SuiteRunner.privateRun(SuiteRunner.java:291)
	at org.testng.SuiteRunner.run(SuiteRunner.java:240)
	at org.testng.SuiteRunnerWorker.runSuite(SuiteRunnerWorker.java:52)
	at org.testng.SuiteRunnerWorker.run(SuiteRunnerWorker.java:86)
	at org.testng.TestNG.runSuitesSequentially(TestNG.java:1224)
	at org.testng.TestNG.runSuitesLocally(TestNG.java:1149)
	at org.testng.TestNG.run(TestNG.java:1057)
	at org.testng.remote.RemoteTestNG.run(RemoteTestNG.java:111)
	at org.testng.remote.RemoteTestNG.initAndRun(RemoteTestNG.java:204)
	at org.testng.remote.RemoteTestNG.main(RemoteTestNG.java:175)
</pre></div></td>
<td>0</td>
<td>com.blueway.ekor.uit.testcase.login.Login_002@b97c004</td></tr>
<tr>
<td title='com.blueway.ekor.uit.testcase.login.Login_002.login()'><b>login</b><br>Test class: com.blueway.ekor.uit.testcase.login.Login_002<br>Parameters: {CODE=0000, CASEID=T003, PASSWORD=, USERNAME=10011001, CASENAME=密码为空, EXP_RESULT=密码错误!}</td>
<td><div><pre>java.lang.AssertionError: 预期的文字是 【密码错误!】 ，实际结果 【*验证码错误!!】
	at com.blueway.ekor.uit.utils.SeleniumUtils.isTextCorrect(SeleniumUtils.java:187)
	at com.blueway.ekor.uit.pages.impl.LoginPage.checkUserName(LoginPage.java:35)
	at com.blueway.ekor.uit.testcase.login.Login_002.login(Login_002.java:16)
... Removed 25 stack frames</pre></div><a href='#' onClick='toggleBox("stack-trace426960147", this, "Click to show all stack frames", "Click to hide stack frames")'>Click to show all stack frames</a>
<div class='stack-trace' id='stack-trace426960147'><pre>java.lang.AssertionError: 预期的文字是 【密码错误!】 ，实际结果 【*验证码错误!!】
	at org.testng.Assert.fail(Assert.java:94)
	at com.blueway.ekor.uit.utils.SeleniumUtils.isTextCorrect(SeleniumUtils.java:187)
	at com.blueway.ekor.uit.pages.impl.LoginPage.checkUserName(LoginPage.java:35)
	at com.blueway.ekor.uit.testcase.login.Login_002.login(Login_002.java:16)
	at sun.reflect.NativeMethodAccessorImpl.invoke0(Native Method)
	at sun.reflect.NativeMethodAccessorImpl.invoke(NativeMethodAccessorImpl.java:62)
	at sun.reflect.DelegatingMethodAccessorImpl.invoke(DelegatingMethodAccessorImpl.java:43)
	at java.lang.reflect.Method.invoke(Method.java:497)
	at org.testng.internal.MethodInvocationHelper.invokeMethod(MethodInvocationHelper.java:84)
	at org.testng.internal.Invoker.invokeMethod(Invoker.java:714)
	at org.testng.internal.Invoker.invokeTestMethod(Invoker.java:901)
	at org.testng.internal.Invoker.invokeTestMethods(Invoker.java:1231)
	at org.testng.internal.TestMethodWorker.invokeTestMethods(TestMethodWorker.java:127)
	at org.testng.internal.TestMethodWorker.run(TestMethodWorker.java:111)
	at org.testng.TestRunner.privateRun(TestRunner.java:767)
	at org.testng.TestRunner.run(TestRunner.java:617)
	at org.testng.SuiteRunner.runTest(SuiteRunner.java:335)
	at org.testng.SuiteRunner.runSequentially(SuiteRunner.java:330)
	at org.testng.SuiteRunner.privateRun(SuiteRunner.java:291)
	at org.testng.SuiteRunner.run(SuiteRunner.java:240)
	at org.testng.SuiteRunnerWorker.runSuite(SuiteRunnerWorker.java:52)
	at org.testng.SuiteRunnerWorker.run(SuiteRunnerWorker.java:86)
	at org.testng.TestNG.runSuitesSequentially(TestNG.java:1224)
	at org.testng.TestNG.runSuitesLocally(TestNG.java:1149)
	at org.testng.TestNG.run(TestNG.java:1057)
	at org.testng.remote.RemoteTestNG.run(RemoteTestNG.java:111)
	at org.testng.remote.RemoteTestNG.initAndRun(RemoteTestNG.java:204)
	at org.testng.remote.RemoteTestNG.main(RemoteTestNG.java:175)
</pre></div></td>
<td>0</td>
<td>com.blueway.ekor.uit.testcase.login.Login_002@b97c004</td></tr>
<tr>
<td title='com.blueway.ekor.uit.testcase.login.Login_002.login()'><b>login</b><br>Test class: com.blueway.ekor.uit.testcase.login.Login_002<br>Parameters: {CODE=0000, CASEID=T004, PASSWORD=88888, USERNAME=10011001, CASENAME=密码错误, EXP_RESULT=密码错误!}</td>
<td><div><pre>java.lang.AssertionError: 预期的文字是 【密码错误!】 ，实际结果 【*验证码错误!!】
	at com.blueway.ekor.uit.utils.SeleniumUtils.isTextCorrect(SeleniumUtils.java:187)
	at com.blueway.ekor.uit.pages.impl.LoginPage.checkUserName(LoginPage.java:35)
	at com.blueway.ekor.uit.testcase.login.Login_002.login(Login_002.java:16)
... Removed 25 stack frames</pre></div><a href='#' onClick='toggleBox("stack-trace1924949331", this, "Click to show all stack frames", "Click to hide stack frames")'>Click to show all stack frames</a>
<div class='stack-trace' id='stack-trace1924949331'><pre>java.lang.AssertionError: 预期的文字是 【密码错误!】 ，实际结果 【*验证码错误!!】
	at org.testng.Assert.fail(Assert.java:94)
	at com.blueway.ekor.uit.utils.SeleniumUtils.isTextCorrect(SeleniumUtils.java:187)
	at com.blueway.ekor.uit.pages.impl.LoginPage.checkUserName(LoginPage.java:35)
	at com.blueway.ekor.uit.testcase.login.Login_002.login(Login_002.java:16)
	at sun.reflect.NativeMethodAccessorImpl.invoke0(Native Method)
	at sun.reflect.NativeMethodAccessorImpl.invoke(NativeMethodAccessorImpl.java:62)
	at sun.reflect.DelegatingMethodAccessorImpl.invoke(DelegatingMethodAccessorImpl.java:43)
	at java.lang.reflect.Method.invoke(Method.java:497)
	at org.testng.internal.MethodInvocationHelper.invokeMethod(MethodInvocationHelper.java:84)
	at org.testng.internal.Invoker.invokeMethod(Invoker.java:714)
	at org.testng.internal.Invoker.invokeTestMethod(Invoker.java:901)
	at org.testng.internal.Invoker.invokeTestMethods(Invoker.java:1231)
	at org.testng.internal.TestMethodWorker.invokeTestMethods(TestMethodWorker.java:127)
	at org.testng.internal.TestMethodWorker.run(TestMethodWorker.java:111)
	at org.testng.TestRunner.privateRun(TestRunner.java:767)
	at org.testng.TestRunner.run(TestRunner.java:617)
	at org.testng.SuiteRunner.runTest(SuiteRunner.java:335)
	at org.testng.SuiteRunner.runSequentially(SuiteRunner.java:330)
	at org.testng.SuiteRunner.privateRun(SuiteRunner.java:291)
	at org.testng.SuiteRunner.run(SuiteRunner.java:240)
	at org.testng.SuiteRunnerWorker.runSuite(SuiteRunnerWorker.java:52)
	at org.testng.SuiteRunnerWorker.run(SuiteRunnerWorker.java:86)
	at org.testng.TestNG.runSuitesSequentially(TestNG.java:1224)
	at org.testng.TestNG.runSuitesLocally(TestNG.java:1149)
	at org.testng.TestNG.run(TestNG.java:1057)
	at org.testng.remote.RemoteTestNG.run(RemoteTestNG.java:111)
	at org.testng.remote.RemoteTestNG.initAndRun(RemoteTestNG.java:204)
	at org.testng.remote.RemoteTestNG.main(RemoteTestNG.java:175)
</pre></div></td>
<td>0</td>
<td>com.blueway.ekor.uit.testcase.login.Login_002@b97c004</td></tr>
</table><p>
<table width='100%' border='1' class='invocation-passed'>
<tr><td colspan='4' align='center'><b>PASSED TESTS</b></td></tr>
<tr><td><b>Test method</b></td>
<td width="30%"><b>Exception</b></td>
<td width="10%"><b>Time (seconds)</b></td>
<td><b>Instance</b></td>
</tr>
<tr>
<td title='com.blueway.ekor.uit.testcase.login.Login_001.login()'><b>login</b><br>Test class: com.blueway.ekor.uit.testcase.login.Login_001<br>Parameters: {CODE=0000, PASSWORD=8888, USERNAME=admin932, EXP_RESULT=success}</td>
<td></td>
<td>0</td>
<td>com.blueway.ekor.uit.testcase.login.Login_001@97e1986</td></tr>
<tr>
<td title='com.blueway.ekor.uit.testcase.login.Login_002.login()'><b>login</b><br>Test class: com.blueway.ekor.uit.testcase.login.Login_002<br>Parameters: {CODE=, CASEID=T005, PASSWORD=8888, USERNAME=10011001, CASENAME=密码码为空, EXP_RESULT=*验证码错误!!}</td>
<td></td>
<td>0</td>
<td>com.blueway.ekor.uit.testcase.login.Login_002@b97c004</td></tr>
<tr>
<td title='com.blueway.ekor.uit.testcase.login.Login_002.login()'><b>login</b><br>Test class: com.blueway.ekor.uit.testcase.login.Login_002<br>Parameters: {CODE=00000, CASEID=T005, PASSWORD=8888, USERNAME=10011001, CASENAME=密码码错误, EXP_RESULT=*验证码错误!!}</td>
<td></td>
<td>0</td>
<td>com.blueway.ekor.uit.testcase.login.Login_002@b97c004</td></tr>
</table><p>
</body>
</html>